#
# There is insufficient memory for the Java Runtime Environment to continue.
# Native memory allocation (mmap) failed to map 257949696 bytes. Error detail: G1 virtual space
# Possible reasons:
#   The system is out of physical RAM or swap space
#   This process is running with CompressedOops enabled, and the Java Heap may be blocking the growth of the native heap
# Possible solutions:
#   Reduce memory load on the system
#   Increase physical memory or swap space
#   Check if swap backing store is full
#   Decrease Java heap size (-Xmx/-Xms)
#   Decrease number of Java threads
#   Decrease Java thread stack sizes (-Xss)
#   Set larger code cache with -XX:ReservedCodeCacheSize=
#   JVM is running with Zero Based Compressed Oops mode in which the Java heap is
#     placed in the first 32GB address space. The Java Heap base address is the
#     maximum limit for the native heap growth. Please use -XX:HeapBaseMinAddress
#     to set the Java Heap base and to place the Java Heap above 32GB virtual address.
# This output file may be truncated or incomplete.
#
#  Out of Memory Error (os_windows.cpp:3554), pid=21292, tid=3008
#
# JRE version:  (25.0+37) (build )
# Java VM: Java HotSpot(TM) 64-Bit Server VM (25+37-LTS-3491, mixed mode, sharing, tiered, compressed oops, compressed class ptrs, g1 gc, windows-amd64)
# No core dump will be written. Minidumps are not enabled by default on client versions of Windows
#

---------------  S U M M A R Y ------------

Command Line: -Dfile.encoding=UTF-8 -Dstdout.encoding=UTF-8 -Dstderr.encoding=UTF-8 -XX:+ShowCodeDetailsInExceptionMessages Ejercicio2.Ejercicio2

Host: AMD Ryzen 5 5600G with Radeon Graphics         , 12 cores, 15G,  Windows 11 , 64 bit Build 26100 (10.0.26100.5074)
Time: Wed Sep 24 20:22:07 2025 Hora de verano romance elapsed time: 1.066590 seconds (0d 0h 0m 1s)

---------------  T H R E A D  ---------------

Current thread (0x000001f1a435d760):  JavaThread "Unknown thread" [_thread_in_vm, id=3008, stack(0x00000082bde00000,0x00000082bdf00000) (1024K)]

Stack: [0x00000082bde00000,0x00000082bdf00000]
Native frames: (J=compiled Java code, j=interpreted, Vv=VM code, C=native code)
V  [jvm.dll+0x7a6a39]  (no source info available)
V  [jvm.dll+0x7727ed]  (no source info available)
V  [jvm.dll+0x965f33]  (no source info available)
V  [jvm.dll+0x968531]  (no source info available)
V  [jvm.dll+0x968c33]  (no source info available)
V  [jvm.dll+0x2fc756]  (no source info available)
V  [jvm.dll+0x7a2c65]  (no source info available)
V  [jvm.dll+0x796077]  (no source info available)
V  [jvm.dll+0x3f4698]  (no source info available)
V  [jvm.dll+0x3fc5b6]  (no source info available)
V  [jvm.dll+0x3e8c8e]  (no source info available)
V  [jvm.dll+0x3e8f48]  (no source info available)
V  [jvm.dll+0x3c0045]  (no source info available)
V  [jvm.dll+0x3c0cce]  (no source info available)
V  [jvm.dll+0x92c647]  (no source info available)
V  [jvm.dll+0x458b62]  (no source info available)
V  [jvm.dll+0x90fff2]  (no source info available)
V  [jvm.dll+0x4f9001]  (no source info available)
V  [jvm.dll+0x4fa891]  (no source info available)
C  [jli.dll+0x543e]  (no source info available)
C  [ucrtbase.dll+0x37b0]  (no source info available)
C  [KERNEL32.DLL+0x2e8d7]  (no source info available)
C  [ntdll.dll+0x8d9c]  (no source info available)

Lock stack of current Java thread (top to bottom):


---------------  P R O C E S S  ---------------

Threads class SMR info:
_java_thread_list=0x00007ffe50c15308, length=0, elements={
}

Java Threads: ( => current thread )
Total: 0

Other Threads:
  0x000001f1a68d1220 WorkerThread "GC Thread#0"                     [id=19776, stack(0x00000082bdf00000,0x00000082be000000) (1024K)]
  0x000001f1a68ecc90 ConcurrentGCThread "G1 Main Marker"            [id=348, stack(0x00000082be000000,0x00000082be100000) (1024K)]
  0x000001f1a68ed630 WorkerThread "G1 Conc#0"                       [id=12320, stack(0x00000082be100000,0x00000082be200000) (1024K)]

[error occurred during error reporting (printing all threads), id 0xc0000005, EXCEPTION_ACCESS_VIOLATION (0xc0000005) at pc=0x00007ffe502f4c2a]
VM state: not at safepoint (not fully initialized)

VM Mutex/Monitor currently owned by a thread:  ([mutex/lock_event])
[0x00007ffe50c99628] Heap_lock - owner thread: 0x000001f1a435d760

Heap address: 0x000000070a000000, size: 3936 MB, Compressed Oops mode: Zero based, Oop shift amount: 3

CDS archive(s) mapped at: [0x0000000000000000-0x0000000000000000-0x0000000000000000), size 0, SharedBaseAddress: 0x0000000800000000, ArchiveRelocationMode: 1.
UseCompressedClassPointers 1, UseCompactObjectHeaders 0
Narrow klass pointer bits 32, Max shift 3
Narrow klass base: 0xffffffffffffffff, Narrow klass shift: -1
Encoding Range: [0xffffffffffffffff - 0x000000007fffffff), (2147483648 bytes)
Klass Range:    [0x0000000000000000 - 0x0000000000000000), (0 bytes)
Klass ID Range:  [4294967295 - 0) (1)
No protection zone.

GC Precious Log:
 CardTable entry size: 512
 Card Set container configuration: InlinePtr #cards 4 size 8 Array Of Cards #cards 16 size 48 Howl #buckets 8 coarsen threshold 3686 Howl Bitmap #cards 512 size 80 coarsen threshold 460 Card regions per heap region 1 cards per card region 4096

Heap:
 garbage-first heap   total reserved 4030464K, committed 0K, used 0K [0x000000070a000000, 0x0000000800000000)
  region size 2048K, 0 young (0K), 0 survivors (0K)

Heap Regions: E=young(eden), S=young(survivor), O=old, HS=humongous(starts), HC=humongous(continues), CS=collection set, F=free, TAMS=top-at-mark-start, PB=parsable bottom

Card table byte_map: [0x000001f1bee00000,0x000001f1bf5b0000] _byte_map_base: 0x000001f1bb5b0000

Marking Bits: (CMBitMap*) 0x000001f1a68d3bc0
 Bits: [0x000001f1bf5b0000, 0x000001f1c3330000)

GC Heap Usage History (0 events):
No events

Metaspace Usage History (0 events):
No events

Dll operation events (1 events):
Event: 0.027 Loaded shared library C:\Program Files\Java\jdk-25\bin\java.dll

Deoptimization events (0 events):
No events

Classes loaded (0 events):
No events

Classes unloaded (0 events):
No events

Classes redefined (0 events):
No events

Internal exceptions (0 events):
No events

VM Operations (0 events):
No events

Memory protections (0 events):
No events

Nmethod flushes (0 events):
No events

Events (0 events):
No events


Dynamic libraries:
0x00007ff727010000 - 0x00007ff727020000 	C:\Program Files\Java\jdk-25\bin\javaw.exe
0x00007ffeaa6c0000 - 0x00007ffeaa929000 	C:\WINDOWS\SYSTEM32\ntdll.dll
0x00007ffea8d70000 - 0x00007ffea8e39000 	C:\WINDOWS\System32\KERNEL32.DLL
0x00007ffea79c0000 - 0x00007ffea7db3000 	C:\WINDOWS\System32\KERNELBASE.dll
0x00007ffea8340000 - 0x00007ffea848b000 	C:\WINDOWS\System32\ucrtbase.dll
0x00007ffe9d340000 - 0x00007ffe9d35e000 	C:\Program Files\Java\jdk-25\bin\VCRUNTIME140.dll
0x00007ffe9ad30000 - 0x00007ffe9ad47000 	C:\Program Files\Java\jdk-25\bin\jli.dll
0x00007ffea9150000 - 0x00007ffea9314000 	C:\WINDOWS\System32\USER32.dll
0x00007ffe8ebb0000 - 0x00007ffe8ee43000 	C:\WINDOWS\WinSxS\amd64_microsoft.windows.common-controls_6595b64144ccf1df_6.0.26100.5074_none_3e0d6f78e32fd63f\COMCTL32.dll
0x00007ffea7f30000 - 0x00007ffea7f57000 	C:\WINDOWS\System32\win32u.dll
0x00007ffea9320000 - 0x00007ffea93c9000 	C:\WINDOWS\System32\msvcrt.dll
0x00007ffea8520000 - 0x00007ffea854b000 	C:\WINDOWS\System32\GDI32.dll
0x00007ffea7f60000 - 0x00007ffea808d000 	C:\WINDOWS\System32\gdi32full.dll
0x00007ffea7e80000 - 0x00007ffea7f23000 	C:\WINDOWS\System32\msvcp_win.dll
0x00007ffea8d30000 - 0x00007ffea8d5f000 	C:\WINDOWS\System32\IMM32.DLL
0x00007ffe9c800000 - 0x00007ffe9c80c000 	C:\Program Files\Java\jdk-25\bin\vcruntime140_1.dll
0x00007ffe81e70000 - 0x00007ffe81efd000 	C:\Program Files\Java\jdk-25\bin\msvcp140.dll
0x00007ffe4ff20000 - 0x00007ffe50d7f000 	C:\Program Files\Java\jdk-25\bin\server\jvm.dll
0x00007ffeaa080000 - 0x00007ffeaa134000 	C:\WINDOWS\System32\ADVAPI32.dll
0x00007ffea93e0000 - 0x00007ffea9486000 	C:\WINDOWS\System32\sechost.dll
0x00007ffea8f40000 - 0x00007ffea9058000 	C:\WINDOWS\System32\RPCRT4.dll
0x00007ffea8ec0000 - 0x00007ffea8f34000 	C:\WINDOWS\System32\WS2_32.dll
0x00007ffea76b0000 - 0x00007ffea770e000 	C:\WINDOWS\SYSTEM32\POWRPROF.dll
0x00007ffea0a40000 - 0x00007ffea0a4b000 	C:\WINDOWS\SYSTEM32\VERSION.dll
0x00007ffe9f910000 - 0x00007ffe9f945000 	C:\WINDOWS\SYSTEM32\WINMM.dll
0x00007ffea7690000 - 0x00007ffea76a4000 	C:\WINDOWS\SYSTEM32\UMPDC.dll
0x00007ffea6630000 - 0x00007ffea664b000 	C:\WINDOWS\SYSTEM32\kernel.appcore.dll
0x00007ffe9ad20000 - 0x00007ffe9ad2a000 	C:\Program Files\Java\jdk-25\bin\jimage.dll
0x00007ffea0e20000 - 0x00007ffea1062000 	C:\WINDOWS\SYSTEM32\DBGHELP.DLL
0x00007ffea89b0000 - 0x00007ffea8d2b000 	C:\WINDOWS\System32\combase.dll
0x00007ffea8650000 - 0x00007ffea8727000 	C:\WINDOWS\System32\OLEAUT32.dll
0x00007ffe93fe0000 - 0x00007ffe9401d000 	C:\WINDOWS\SYSTEM32\dbgcore.DLL
0x00007ffea8090000 - 0x00007ffea8129000 	C:\WINDOWS\System32\bcryptPrimitives.dll
0x00007ffe9a950000 - 0x00007ffe9a96f000 	C:\Program Files\Java\jdk-25\bin\java.dll
0x00007ffeaa140000 - 0x00007ffeaa2d8000 	C:\WINDOWS\System32\ole32.dll
0x00007ffea9490000 - 0x00007ffea9bdd000 	C:\WINDOWS\System32\SHELL32.dll
0x00007ffea7850000 - 0x00007ffea79bc000 	C:\WINDOWS\System32\wintypes.dll

JVMTI agents: none

dbghelp: loaded successfully - version: 4.0.5 - missing functions: none
symbol engine: initialized successfully - sym options: 0x614 - pdb path: .;C:\Program Files\Java\jdk-25\bin;C:\WINDOWS\SYSTEM32;C:\WINDOWS\WinSxS\amd64_microsoft.windows.common-controls_6595b64144ccf1df_6.0.26100.5074_none_3e0d6f78e32fd63f;C:\Program Files\Java\jdk-25\bin\server

VM Arguments:
jvm_args: -Dfile.encoding=UTF-8 -Dstdout.encoding=UTF-8 -Dstderr.encoding=UTF-8 -XX:+ShowCodeDetailsInExceptionMessages 
java_command: Ejercicio2.Ejercicio2
java_class_path (initial): C:\Users\DAW1\Documents\JavaDocs\RicoIzan02\bin
Launcher Type: SUN_STANDARD

[Global flags]
     intx CICompilerCount                          = 4                                         {product} {ergonomic}
     uint ConcGCThreads                            = 3                                         {product} {ergonomic}
     uint G1ConcRefinementThreads                  = 10                                        {product} {ergonomic}
   size_t G1HeapRegionSize                         = 2097152                                   {product} {ergonomic}
   size_t InitialHeapSize                          = 257949696                                 {product} {ergonomic}
   size_t MarkStackSize                            = 4194304                                   {product} {ergonomic}
   size_t MarkStackSizeMax                         = 536870912                                 {product} {ergonomic}
   size_t MaxHeapSize                              = 4127195136                                {product} {ergonomic}
   size_t MinHeapDeltaBytes                        = 2097152                                   {product} {ergonomic}
   size_t MinHeapSize                              = 8388608                                   {product} {ergonomic}
    uintx NonNMethodCodeHeapSize                   = 5832704                                {pd product} {ergonomic}
    uintx NonProfiledCodeHeapSize                  = 122945536                              {pd product} {ergonomic}
    uintx ProfiledCodeHeapSize                     = 122880000                              {pd product} {ergonomic}
    uintx ReservedCodeCacheSize                    = 251658240                              {pd product} {ergonomic}
     bool SegmentedCodeCache                       = true                                      {product} {ergonomic}
     bool ShowCodeDetailsInExceptionMessages       = true                                   {manageable} {command line}
   size_t SoftMaxHeapSize                          = 4127195136                             {manageable} {ergonomic}
     bool UseCompressedOops                        = true                           {product lp64_product} {ergonomic}
     bool UseG1GC                                  = true                                      {product} {ergonomic}
     bool UseLargePagesIndividualAllocation        = false                                  {pd product} {ergonomic}

Logging:
Log output configuration:
 #0: stdout all=warning uptime,level,tags foldmultilines=false
 #1: stderr all=off uptime,level,tags foldmultilines=false

Release file:
<release file has not been read>
Environment Variables:
PATH=C:/Program Files/eclipse//plugins/org.eclipse.justj.openjdk.hotspot.jre.full.win32.x86_64_21.0.8.v20250724-1412/jre/bin/server;C:/Program Files/eclipse//plugins/org.eclipse.justj.openjdk.hotspot.jre.full.win32.x86_64_21.0.8.v20250724-1412/jre/bin;C:\Program Files\Common Files\Oracle\Java\javapath;C:\WINDOWS\system32;C:\WINDOWS;C:\WINDOWS\System32\Wbem;C:\WINDOWS\System32\WindowsPowerShell\v1.0\;C:\WINDOWS\System32\OpenSSH\;C:\Program Files\Git\cmd;C:\Users\DAW1\AppData\Local\Microsoft\WindowsApps;C:\Users\DAW1\AppData\Local\Programs\Microsoft VS Code\bin;C:\Program Files\eclipse;
USERNAME=daw1
OS=Windows_NT
PROCESSOR_IDENTIFIER=AMD64 Family 25 Model 80 Stepping 0, AuthenticAMD
TMP=C:\Users\DAW1\AppData\Local\Temp
TEMP=C:\Users\DAW1\AppData\Local\Temp




Compilation memory statistics disabled.

Periodic native trim disabled

---------------  S Y S T E M  ---------------

OS:
 Windows 11 , 64 bit Build 26100 (10.0.26100.5074)
OS uptime: 1 days 12:10 hours

CPU: total 12 (initial active 12) (12 cores per cpu, 2 threads per core) family 25 model 80 stepping 0 microcode 0xa50000d, cx8, cmov, fxsr, ht, mmx, 3dnowpref, sse, sse2, sse3, ssse3, sse4a, sse4.1, sse4.2, popcnt, lzcnt, tsc, tscinvbit, avx, avx2, aes, erms, clmul, bmi1, bmi2, adx, sha, fma, vzeroupper, clflush, clflushopt, clwb, rdtscp, rdpid, fsrm, f16c, pku, cet_ss
Processor Information for the first 12 processors :
  Max Mhz: 3901, Current Mhz: 3901, Mhz Limit: 3901

Memory: 4k page, system-wide physical 15743M (4600M free)
TotalPageFile size 41911M (AvailPageFile size 219M)
current process WorkingSet (physical memory assigned to process): 13M, peak: 13M
current process commit charge ("private bytes"): 65M, peak: 310M

vm_info: Java HotSpot(TM) 64-Bit Server VM (25+37-LTS-3491) for windows-amd64 JRE (25+37-LTS-3491), built on 2025-08-14T21:13:00Z with unknown MS VC++:1943

END.
